29-Mar-2021 04:04:00.973 INFO [main] org.apache.catalina.startup.VersionLoggerListener.log Server version name:   Apache Tomcat/8.5.64
29-Mar-2021 04:04:01.507 INFO [main] org.apache.catalina.startup.VersionLoggerListener.log Server built:          Mar 4 2021 23:14:16 UTC
29-Mar-2021 04:04:01.508 INFO [main] org.apache.catalina.startup.VersionLoggerListener.log Server version number: 8.5.64.0
29-Mar-2021 04:04:01.509 INFO [main] org.apache.catalina.startup.VersionLoggerListener.log OS Name:               Linux
29-Mar-2021 04:04:01.509 INFO [main] org.apache.catalina.startup.VersionLoggerListener.log OS Version:            3.10.0-1160.21.1.el7.x86_64
29-Mar-2021 04:04:01.509 INFO [main] org.apache.catalina.startup.VersionLoggerListener.log Architecture:          amd64
29-Mar-2021 04:04:01.510 INFO [main] org.apache.catalina.startup.VersionLoggerListener.log Java Home:             /usr/lib/jvm/java-1.8.0-openjdk-1.8.0.282.b08-1.el7_9.x86_64/jre
29-Mar-2021 04:04:01.510 INFO [main] org.apache.catalina.startup.VersionLoggerListener.log JVM Version:           1.8.0_282-b08
29-Mar-2021 04:04:01.511 INFO [main] org.apache.catalina.startup.VersionLoggerListener.log JVM Vendor:            Red Hat, Inc.
29-Mar-2021 04:04:01.537 INFO [main] org.apache.catalina.startup.VersionLoggerListener.log CATALINA_BASE:         /root/suri/tomcat9
29-Mar-2021 04:04:01.537 INFO [main] org.apache.catalina.startup.VersionLoggerListener.log CATALINA_HOME:         /root/suri/tomcat9
29-Mar-2021 04:04:01.538 INFO [main] org.apache.catalina.startup.VersionLoggerListener.log Command line argument: -Djava.util.logging.config.file=/root/suri/tomcat9/conf/logging.properties
29-Mar-2021 04:04:01.538 INFO [main] org.apache.catalina.startup.VersionLoggerListener.log Command line argument: -Djava.util.logging.manager=org.apache.juli.ClassLoaderLogManager
29-Mar-2021 04:04:01.539 INFO [main] org.apache.catalina.startup.VersionLoggerListener.log Command line argument: -Djdk.tls.ephemeralDHKeySize=2048
29-Mar-2021 04:04:01.539 INFO [main] org.apache.catalina.startup.VersionLoggerListener.log Command line argument: -Djava.protocol.handler.pkgs=org.apache.catalina.webresources
29-Mar-2021 04:04:01.540 INFO [main] org.apache.catalina.startup.VersionLoggerListener.log Command line argument: -Dorg.apache.catalina.security.SecurityListener.UMASK=0027
29-Mar-2021 04:04:01.540 INFO [main] org.apache.catalina.startup.VersionLoggerListener.log Command line argument: -Dignore.endorsed.dirs=
29-Mar-2021 04:04:01.541 INFO [main] org.apache.catalina.startup.VersionLoggerListener.log Command line argument: -Dcatalina.base=/root/suri/tomcat9
29-Mar-2021 04:04:01.544 INFO [main] org.apache.catalina.startup.VersionLoggerListener.log Command line argument: -Dcatalina.home=/root/suri/tomcat9
29-Mar-2021 04:04:01.544 INFO [main] org.apache.catalina.startup.VersionLoggerListener.log Command line argument: -Djava.io.tmpdir=/root/suri/tomcat9/temp
29-Mar-2021 04:04:01.545 INFO [main] org.apache.catalina.core.AprLifecycleListener.lifecycleEvent The Apache Tomcat Native library which allows using OpenSSL was not found on the java.library.path: [/usr/java/packages/lib/amd64:/usr/lib64:/lib64:/lib:/usr/lib]
29-Mar-2021 04:04:02.921 INFO [main] org.apache.coyote.AbstractProtocol.init Initializing ProtocolHandler ["http-nio-8080"]
29-Mar-2021 04:04:03.236 INFO [main] org.apache.tomcat.util.net.NioSelectorPool.getSharedSelector Using a shared selector for servlet write/read
29-Mar-2021 04:04:03.364 INFO [main] org.apache.catalina.startup.Catalina.load Initialization processed in 12880 ms
29-Mar-2021 04:04:03.632 INFO [main] org.apache.catalina.core.StandardService.startInternal Starting service [Catalina]
29-Mar-2021 04:04:03.632 INFO [main] org.apache.catalina.core.StandardEngine.startInternal Starting Servlet Engine: Apache Tomcat/8.5.64
29-Mar-2021 04:04:03.713 INFO [localhost-startStop-1] org.apache.catalina.startup.HostConfig.deployDirectory Deploying web application directory [/root/suri/tomcat9/webapps/ROOT]
29-Mar-2021 04:04:06.147 INFO [localhost-startStop-1] org.apache.catalina.startup.HostConfig.deployDirectory Deployment of web application directory [/root/suri/tomcat9/webapps/ROOT] has finished in [2,432] ms
29-Mar-2021 04:04:06.165 INFO [localhost-startStop-1] org.apache.catalina.startup.HostConfig.deployDirectory Deploying web application directory [/root/suri/tomcat9/webapps/docs]
29-Mar-2021 04:04:06.408 INFO [localhost-startStop-1] org.apache.catalina.startup.HostConfig.deployDirectory Deployment of web application directory [/root/suri/tomcat9/webapps/docs] has finished in [243] ms
29-Mar-2021 04:04:06.409 INFO [localhost-startStop-1] org.apache.catalina.startup.HostConfig.deployDirectory Deploying web application directory [/root/suri/tomcat9/webapps/examples]
29-Mar-2021 04:04:08.942 INFO [localhost-startStop-1] org.apache.catalina.startup.HostConfig.deployDirectory Deployment of web application directory [/root/suri/tomcat9/webapps/examples] has finished in [2,534] ms
29-Mar-2021 04:04:08.956 INFO [localhost-startStop-1] org.apache.catalina.startup.HostConfig.deployDirectory Deploying web application directory [/root/suri/tomcat9/webapps/host-manager]
29-Mar-2021 04:04:09.275 INFO [localhost-startStop-1] org.apache.catalina.startup.HostConfig.deployDirectory Deployment of web application directory [/root/suri/tomcat9/webapps/host-manager] has finished in [332] ms
29-Mar-2021 04:04:09.276 INFO [localhost-startStop-1] org.apache.catalina.startup.HostConfig.deployDirectory Deploying web application directory [/root/suri/tomcat9/webapps/manager]
29-Mar-2021 04:04:09.531 INFO [localhost-startStop-1] org.apache.catalina.startup.HostConfig.deployDirectory Deployment of web application directory [/root/suri/tomcat9/webapps/manager] has finished in [254] ms
29-Mar-2021 04:04:09.562 INFO [main] org.apache.coyote.AbstractProtocol.start Starting ProtocolHandler ["http-nio-8080"]
29-Mar-2021 04:04:09.640 INFO [main] org.apache.catalina.startup.Catalina.start Server startup in 6276 ms
29-Mar-2021 04:07:34.359 INFO [main] org.apache.catalina.core.StandardServer.await A valid shutdown command was received via the shutdown port. Stopping the Server instance.
29-Mar-2021 04:07:34.359 INFO [main] org.apache.coyote.AbstractProtocol.pause Pausing ProtocolHandler ["http-nio-8080"]
29-Mar-2021 04:07:34.373 INFO [main] org.apache.catalina.core.StandardService.stopInternal Stopping service [Catalina]
29-Mar-2021 04:07:34.523 INFO [main] org.apache.coyote.AbstractProtocol.stop Stopping ProtocolHandler ["http-nio-8080"]
29-Mar-2021 04:07:34.529 INFO [main] org.apache.coyote.AbstractProtocol.destroy Destroying ProtocolHandler ["http-nio-8080"]
29-Mar-2021 04:12:45.488 INFO [main] org.apache.catalina.startup.VersionLoggerListener.log Server version name:   Apache Tomcat/8.5.64
29-Mar-2021 04:12:45.509 INFO [main] org.apache.catalina.startup.VersionLoggerListener.log Server built:          Mar 4 2021 23:14:16 UTC
29-Mar-2021 04:12:45.509 INFO [main] org.apache.catalina.startup.VersionLoggerListener.log Server version number: 8.5.64.0
29-Mar-2021 04:12:45.510 INFO [main] org.apache.catalina.startup.VersionLoggerListener.log OS Name:               Linux
29-Mar-2021 04:12:45.510 INFO [main] org.apache.catalina.startup.VersionLoggerListener.log OS Version:            3.10.0-1160.21.1.el7.x86_64
29-Mar-2021 04:12:45.510 INFO [main] org.apache.catalina.startup.VersionLoggerListener.log Architecture:          amd64
29-Mar-2021 04:12:45.511 INFO [main] org.apache.catalina.startup.VersionLoggerListener.log Java Home:             /usr/lib/jvm/java-1.8.0-openjdk-1.8.0.282.b08-1.el7_9.x86_64/jre
29-Mar-2021 04:12:45.511 INFO [main] org.apache.catalina.startup.VersionLoggerListener.log JVM Version:           1.8.0_282-b08
29-Mar-2021 04:12:45.511 INFO [main] org.apache.catalina.startup.VersionLoggerListener.log JVM Vendor:            Red Hat, Inc.
29-Mar-2021 04:12:45.512 INFO [main] org.apache.catalina.startup.VersionLoggerListener.log CATALINA_BASE:         /root/suri/tomcat9
29-Mar-2021 04:12:45.512 INFO [main] org.apache.catalina.startup.VersionLoggerListener.log CATALINA_HOME:         /root/suri/tomcat9
29-Mar-2021 04:12:45.513 INFO [main] org.apache.catalina.startup.VersionLoggerListener.log Command line argument: -Djava.util.logging.config.file=/root/suri/tomcat9/conf/logging.properties
29-Mar-2021 04:12:45.513 INFO [main] org.apache.catalina.startup.VersionLoggerListener.log Command line argument: -Djava.util.logging.manager=org.apache.juli.ClassLoaderLogManager
29-Mar-2021 04:12:45.514 INFO [main] org.apache.catalina.startup.VersionLoggerListener.log Command line argument: -Djdk.tls.ephemeralDHKeySize=2048
29-Mar-2021 04:12:45.514 INFO [main] org.apache.catalina.startup.VersionLoggerListener.log Command line argument: -Djava.protocol.handler.pkgs=org.apache.catalina.webresources
29-Mar-2021 04:12:45.514 INFO [main] org.apache.catalina.startup.VersionLoggerListener.log Command line argument: -Dorg.apache.catalina.security.SecurityListener.UMASK=0027
29-Mar-2021 04:12:45.515 INFO [main] org.apache.catalina.startup.VersionLoggerListener.log Command line argument: -Dignore.endorsed.dirs=
29-Mar-2021 04:12:45.515 INFO [main] org.apache.catalina.startup.VersionLoggerListener.log Command line argument: -Dcatalina.base=/root/suri/tomcat9
29-Mar-2021 04:12:45.515 INFO [main] org.apache.catalina.startup.VersionLoggerListener.log Command line argument: -Dcatalina.home=/root/suri/tomcat9
29-Mar-2021 04:12:45.516 INFO [main] org.apache.catalina.startup.VersionLoggerListener.log Command line argument: -Djava.io.tmpdir=/root/suri/tomcat9/temp
29-Mar-2021 04:12:45.516 INFO [main] org.apache.catalina.core.AprLifecycleListener.lifecycleEvent The Apache Tomcat Native library which allows using OpenSSL was not found on the java.library.path: [/usr/java/packages/lib/amd64:/usr/lib64:/lib64:/lib:/usr/lib]
29-Mar-2021 04:12:46.146 INFO [main] org.apache.coyote.AbstractProtocol.init Initializing ProtocolHandler ["http-nio-8080"]
29-Mar-2021 04:12:46.247 INFO [main] org.apache.tomcat.util.net.NioSelectorPool.getSharedSelector Using a shared selector for servlet write/read
29-Mar-2021 04:12:46.413 INFO [main] org.apache.catalina.startup.Catalina.load Initialization processed in 4678 ms
29-Mar-2021 04:12:46.648 INFO [main] org.apache.catalina.core.StandardService.startInternal Starting service [Catalina]
29-Mar-2021 04:12:46.649 INFO [main] org.apache.catalina.core.StandardEngine.startInternal Starting Servlet Engine: Apache Tomcat/8.5.64
29-Mar-2021 04:12:46.703 INFO [localhost-startStop-1] org.apache.catalina.startup.HostConfig.deployDirectory Deploying web application directory [/root/suri/tomcat9/webapps/ROOT]
29-Mar-2021 04:12:48.592 INFO [localhost-startStop-1] org.apache.catalina.startup.HostConfig.deployDirectory Deployment of web application directory [/root/suri/tomcat9/webapps/ROOT] has finished in [1,887] ms
29-Mar-2021 04:12:48.606 INFO [localhost-startStop-1] org.apache.catalina.startup.HostConfig.deployDirectory Deploying web application directory [/root/suri/tomcat9/webapps/docs]
29-Mar-2021 04:12:48.694 INFO [localhost-startStop-1] org.apache.catalina.startup.HostConfig.deployDirectory Deployment of web application directory [/root/suri/tomcat9/webapps/docs] has finished in [88] ms
29-Mar-2021 04:12:48.695 INFO [localhost-startStop-1] org.apache.catalina.startup.HostConfig.deployDirectory Deploying web application directory [/root/suri/tomcat9/webapps/examples]
29-Mar-2021 04:12:50.306 INFO [localhost-startStop-1] org.apache.catalina.startup.HostConfig.deployDirectory Deployment of web application directory [/root/suri/tomcat9/webapps/examples] has finished in [1,612] ms
29-Mar-2021 04:12:50.307 INFO [localhost-startStop-1] org.apache.catalina.startup.HostConfig.deployDirectory Deploying web application directory [/root/suri/tomcat9/webapps/host-manager]
29-Mar-2021 04:12:50.467 INFO [localhost-startStop-1] org.apache.catalina.startup.HostConfig.deployDirectory Deployment of web application directory [/root/suri/tomcat9/webapps/host-manager] has finished in [160] ms
29-Mar-2021 04:12:50.467 INFO [localhost-startStop-1] org.apache.catalina.startup.HostConfig.deployDirectory Deploying web application directory [/root/suri/tomcat9/webapps/manager]
29-Mar-2021 04:12:50.597 INFO [localhost-startStop-1] org.apache.catalina.startup.HostConfig.deployDirectory Deployment of web application directory [/root/suri/tomcat9/webapps/manager] has finished in [129] ms
29-Mar-2021 04:12:50.632 INFO [main] org.apache.coyote.AbstractProtocol.start Starting ProtocolHandler ["http-nio-8080"]
29-Mar-2021 04:12:50.765 INFO [main] org.apache.catalina.startup.Catalina.start Server startup in 4351 ms
