28-Mar-2021 14:38:59.529 INFO [main] org.apache.catalina.startup.VersionLoggerListener.log Server version name:   Apache Tomcat/8.5.64
28-Mar-2021 14:38:59.549 INFO [main] org.apache.catalina.startup.VersionLoggerListener.log Server built:          Mar 4 2021 23:14:16 UTC
28-Mar-2021 14:38:59.549 INFO [main] org.apache.catalina.startup.VersionLoggerListener.log Server version number: 8.5.64.0
28-Mar-2021 14:38:59.550 INFO [main] org.apache.catalina.startup.VersionLoggerListener.log OS Name:               Linux
28-Mar-2021 14:38:59.550 INFO [main] org.apache.catalina.startup.VersionLoggerListener.log OS Version:            3.10.0-327.el7.x86_64
28-Mar-2021 14:38:59.550 INFO [main] org.apache.catalina.startup.VersionLoggerListener.log Architecture:          amd64
28-Mar-2021 14:38:59.551 INFO [main] org.apache.catalina.startup.VersionLoggerListener.log Java Home:             /usr/lib/jvm/java-1.8.0-openjdk-1.8.0.282.b08-1.el7_9.x86_64/jre
28-Mar-2021 14:38:59.551 INFO [main] org.apache.catalina.startup.VersionLoggerListener.log JVM Version:           1.8.0_282-b08
28-Mar-2021 14:38:59.551 INFO [main] org.apache.catalina.startup.VersionLoggerListener.log JVM Vendor:            Red Hat, Inc.
28-Mar-2021 14:38:59.552 INFO [main] org.apache.catalina.startup.VersionLoggerListener.log CATALINA_BASE:         /root/suri/tomcat9
28-Mar-2021 14:38:59.552 INFO [main] org.apache.catalina.startup.VersionLoggerListener.log CATALINA_HOME:         /root/suri/tomcat9
28-Mar-2021 14:38:59.552 INFO [main] org.apache.catalina.startup.VersionLoggerListener.log Command line argument: -Djava.util.logging.config.file=/root/suri/tomcat9/conf/logging.properties
28-Mar-2021 14:38:59.553 INFO [main] org.apache.catalina.startup.VersionLoggerListener.log Command line argument: -Djava.util.logging.manager=org.apache.juli.ClassLoaderLogManager
28-Mar-2021 14:38:59.553 INFO [main] org.apache.catalina.startup.VersionLoggerListener.log Command line argument: -Djdk.tls.ephemeralDHKeySize=2048
28-Mar-2021 14:38:59.553 INFO [main] org.apache.catalina.startup.VersionLoggerListener.log Command line argument: -Djava.protocol.handler.pkgs=org.apache.catalina.webresources
28-Mar-2021 14:38:59.554 INFO [main] org.apache.catalina.startup.VersionLoggerListener.log Command line argument: -Dorg.apache.catalina.security.SecurityListener.UMASK=0027
28-Mar-2021 14:38:59.572 INFO [main] org.apache.catalina.startup.VersionLoggerListener.log Command line argument: -Dignore.endorsed.dirs=
28-Mar-2021 14:38:59.572 INFO [main] org.apache.catalina.startup.VersionLoggerListener.log Command line argument: -Dcatalina.base=/root/suri/tomcat9
28-Mar-2021 14:38:59.572 INFO [main] org.apache.catalina.startup.VersionLoggerListener.log Command line argument: -Dcatalina.home=/root/suri/tomcat9
28-Mar-2021 14:38:59.573 INFO [main] org.apache.catalina.startup.VersionLoggerListener.log Command line argument: -Djava.io.tmpdir=/root/suri/tomcat9/temp
28-Mar-2021 14:38:59.573 INFO [main] org.apache.catalina.core.AprLifecycleListener.lifecycleEvent The Apache Tomcat Native library which allows using OpenSSL was not found on the java.library.path: [/usr/java/packages/lib/amd64:/usr/lib64:/lib64:/lib:/usr/lib]
28-Mar-2021 14:39:00.114 INFO [main] org.apache.coyote.AbstractProtocol.init Initializing ProtocolHandler ["http-nio-8080"]
28-Mar-2021 14:39:00.217 INFO [main] org.apache.tomcat.util.net.NioSelectorPool.getSharedSelector Using a shared selector for servlet write/read
28-Mar-2021 14:39:00.351 INFO [main] org.apache.catalina.startup.Catalina.load Initialization processed in 4522 ms
28-Mar-2021 14:39:00.537 INFO [main] org.apache.catalina.core.StandardService.startInternal Starting service [Catalina]
28-Mar-2021 14:39:00.538 INFO [main] org.apache.catalina.core.StandardEngine.startInternal Starting Servlet Engine: Apache Tomcat/8.5.64
28-Mar-2021 14:39:00.635 INFO [localhost-startStop-1] org.apache.catalina.startup.HostConfig.deployDirectory Deploying web application directory [/root/suri/tomcat9/webapps/ROOT]
28-Mar-2021 14:39:02.333 WARNING [localhost-startStop-1] org.apache.catalina.util.SessionIdGeneratorBase.createSecureRandom Creation of SecureRandom instance for session ID generation using [SHA1PRNG] took [116] milliseconds.
28-Mar-2021 14:39:02.465 INFO [localhost-startStop-1] org.apache.catalina.startup.HostConfig.deployDirectory Deployment of web application directory [/root/suri/tomcat9/webapps/ROOT] has finished in [1,830] ms
28-Mar-2021 14:39:02.480 INFO [localhost-startStop-1] org.apache.catalina.startup.HostConfig.deployDirectory Deploying web application directory [/root/suri/tomcat9/webapps/docs]
28-Mar-2021 14:39:02.589 INFO [localhost-startStop-1] org.apache.catalina.startup.HostConfig.deployDirectory Deployment of web application directory [/root/suri/tomcat9/webapps/docs] has finished in [109] ms
28-Mar-2021 14:39:02.589 INFO [localhost-startStop-1] org.apache.catalina.startup.HostConfig.deployDirectory Deploying web application directory [/root/suri/tomcat9/webapps/examples]
28-Mar-2021 14:39:04.866 INFO [localhost-startStop-1] org.apache.catalina.startup.HostConfig.deployDirectory Deployment of web application directory [/root/suri/tomcat9/webapps/examples] has finished in [2,277] ms
28-Mar-2021 14:39:04.867 INFO [localhost-startStop-1] org.apache.catalina.startup.HostConfig.deployDirectory Deploying web application directory [/root/suri/tomcat9/webapps/host-manager]
28-Mar-2021 14:39:05.049 INFO [localhost-startStop-1] org.apache.catalina.startup.HostConfig.deployDirectory Deployment of web application directory [/root/suri/tomcat9/webapps/host-manager] has finished in [182] ms
28-Mar-2021 14:39:05.049 INFO [localhost-startStop-1] org.apache.catalina.startup.HostConfig.deployDirectory Deploying web application directory [/root/suri/tomcat9/webapps/manager]
28-Mar-2021 14:39:05.168 INFO [localhost-startStop-1] org.apache.catalina.startup.HostConfig.deployDirectory Deployment of web application directory [/root/suri/tomcat9/webapps/manager] has finished in [119] ms
28-Mar-2021 14:39:05.210 INFO [main] org.apache.coyote.AbstractProtocol.start Starting ProtocolHandler ["http-nio-8080"]
28-Mar-2021 14:39:05.324 INFO [main] org.apache.catalina.startup.Catalina.start Server startup in 4972 ms
28-Mar-2021 14:44:35.512 INFO [ContainerBackgroundProcessor[StandardEngine[Catalina]]] org.apache.catalina.users.MemoryUserDatabase.backgroundProcess Reloading memory user database [UserDatabase] from updated source [file:/root/suri/tomcat9/conf/tomcat-users.xml]
28-Mar-2021 14:46:01.463 INFO [main] org.apache.catalina.core.StandardServer.await A valid shutdown command was received via the shutdown port. Stopping the Server instance.
28-Mar-2021 14:46:01.463 INFO [main] org.apache.coyote.AbstractProtocol.pause Pausing ProtocolHandler ["http-nio-8080"]
28-Mar-2021 14:46:01.475 INFO [main] org.apache.catalina.core.StandardService.stopInternal Stopping service [Catalina]
28-Mar-2021 14:46:01.605 INFO [main] org.apache.coyote.AbstractProtocol.stop Stopping ProtocolHandler ["http-nio-8080"]
28-Mar-2021 14:46:01.620 INFO [main] org.apache.coyote.AbstractProtocol.destroy Destroying ProtocolHandler ["http-nio-8080"]
28-Mar-2021 14:46:24.011 INFO [main] org.apache.catalina.startup.VersionLoggerListener.log Server version name:   Apache Tomcat/8.5.64
28-Mar-2021 14:46:24.031 INFO [main] org.apache.catalina.startup.VersionLoggerListener.log Server built:          Mar 4 2021 23:14:16 UTC
28-Mar-2021 14:46:24.031 INFO [main] org.apache.catalina.startup.VersionLoggerListener.log Server version number: 8.5.64.0
28-Mar-2021 14:46:24.032 INFO [main] org.apache.catalina.startup.VersionLoggerListener.log OS Name:               Linux
28-Mar-2021 14:46:24.032 INFO [main] org.apache.catalina.startup.VersionLoggerListener.log OS Version:            3.10.0-327.el7.x86_64
28-Mar-2021 14:46:24.032 INFO [main] org.apache.catalina.startup.VersionLoggerListener.log Architecture:          amd64
28-Mar-2021 14:46:24.032 INFO [main] org.apache.catalina.startup.VersionLoggerListener.log Java Home:             /usr/lib/jvm/java-1.8.0-openjdk-1.8.0.282.b08-1.el7_9.x86_64/jre
28-Mar-2021 14:46:24.033 INFO [main] org.apache.catalina.startup.VersionLoggerListener.log JVM Version:           1.8.0_282-b08
28-Mar-2021 14:46:24.033 INFO [main] org.apache.catalina.startup.VersionLoggerListener.log JVM Vendor:            Red Hat, Inc.
28-Mar-2021 14:46:24.033 INFO [main] org.apache.catalina.startup.VersionLoggerListener.log CATALINA_BASE:         /root/suri/tomcat9
28-Mar-2021 14:46:24.034 INFO [main] org.apache.catalina.startup.VersionLoggerListener.log CATALINA_HOME:         /root/suri/tomcat9
28-Mar-2021 14:46:24.034 INFO [main] org.apache.catalina.startup.VersionLoggerListener.log Command line argument: -Djava.util.logging.config.file=/root/suri/tomcat9/conf/logging.properties
28-Mar-2021 14:46:24.035 INFO [main] org.apache.catalina.startup.VersionLoggerListener.log Command line argument: -Djava.util.logging.manager=org.apache.juli.ClassLoaderLogManager
28-Mar-2021 14:46:24.035 INFO [main] org.apache.catalina.startup.VersionLoggerListener.log Command line argument: -Djdk.tls.ephemeralDHKeySize=2048
28-Mar-2021 14:46:24.035 INFO [main] org.apache.catalina.startup.VersionLoggerListener.log Command line argument: -Djava.protocol.handler.pkgs=org.apache.catalina.webresources
28-Mar-2021 14:46:24.036 INFO [main] org.apache.catalina.startup.VersionLoggerListener.log Command line argument: -Dorg.apache.catalina.security.SecurityListener.UMASK=0027
28-Mar-2021 14:46:24.036 INFO [main] org.apache.catalina.startup.VersionLoggerListener.log Command line argument: -Dignore.endorsed.dirs=
28-Mar-2021 14:46:24.036 INFO [main] org.apache.catalina.startup.VersionLoggerListener.log Command line argument: -Dcatalina.base=/root/suri/tomcat9
28-Mar-2021 14:46:24.037 INFO [main] org.apache.catalina.startup.VersionLoggerListener.log Command line argument: -Dcatalina.home=/root/suri/tomcat9
28-Mar-2021 14:46:24.037 INFO [main] org.apache.catalina.startup.VersionLoggerListener.log Command line argument: -Djava.io.tmpdir=/root/suri/tomcat9/temp
28-Mar-2021 14:46:24.037 INFO [main] org.apache.catalina.core.AprLifecycleListener.lifecycleEvent The Apache Tomcat Native library which allows using OpenSSL was not found on the java.library.path: [/usr/java/packages/lib/amd64:/usr/lib64:/lib64:/lib:/usr/lib]
28-Mar-2021 14:46:24.589 INFO [main] org.apache.coyote.AbstractProtocol.init Initializing ProtocolHandler ["http-nio-8080"]
28-Mar-2021 14:46:24.692 INFO [main] org.apache.tomcat.util.net.NioSelectorPool.getSharedSelector Using a shared selector for servlet write/read
28-Mar-2021 14:46:24.834 INFO [main] org.apache.catalina.startup.Catalina.load Initialization processed in 4562 ms
28-Mar-2021 14:46:25.040 INFO [main] org.apache.catalina.core.StandardService.startInternal Starting service [Catalina]
28-Mar-2021 14:46:25.041 INFO [main] org.apache.catalina.core.StandardEngine.startInternal Starting Servlet Engine: Apache Tomcat/8.5.64
28-Mar-2021 14:46:25.111 INFO [localhost-startStop-1] org.apache.catalina.startup.HostConfig.deployDirectory Deploying web application directory [/root/suri/tomcat9/webapps/ROOT]
28-Mar-2021 14:47:22.324 WARNING [localhost-startStop-1] org.apache.catalina.util.SessionIdGeneratorBase.createSecureRandom Creation of SecureRandom instance for session ID generation using [SHA1PRNG] took [55,642] milliseconds.
28-Mar-2021 14:47:22.470 INFO [localhost-startStop-1] org.apache.catalina.startup.HostConfig.deployDirectory Deployment of web application directory [/root/suri/tomcat9/webapps/ROOT] has finished in [57,358] ms
28-Mar-2021 14:47:22.473 INFO [localhost-startStop-1] org.apache.catalina.startup.HostConfig.deployDirectory Deploying web application directory [/root/suri/tomcat9/webapps/docs]
28-Mar-2021 14:47:22.574 INFO [localhost-startStop-1] org.apache.catalina.startup.HostConfig.deployDirectory Deployment of web application directory [/root/suri/tomcat9/webapps/docs] has finished in [101] ms
28-Mar-2021 14:47:22.574 INFO [localhost-startStop-1] org.apache.catalina.startup.HostConfig.deployDirectory Deploying web application directory [/root/suri/tomcat9/webapps/examples]
28-Mar-2021 14:47:24.060 INFO [localhost-startStop-1] org.apache.catalina.startup.HostConfig.deployDirectory Deployment of web application directory [/root/suri/tomcat9/webapps/examples] has finished in [1,486] ms
28-Mar-2021 14:47:24.061 INFO [localhost-startStop-1] org.apache.catalina.startup.HostConfig.deployDirectory Deploying web application directory [/root/suri/tomcat9/webapps/host-manager]
28-Mar-2021 14:47:24.212 INFO [localhost-startStop-1] org.apache.catalina.startup.HostConfig.deployDirectory Deployment of web application directory [/root/suri/tomcat9/webapps/host-manager] has finished in [151] ms
28-Mar-2021 14:47:24.213 INFO [localhost-startStop-1] org.apache.catalina.startup.HostConfig.deployDirectory Deploying web application directory [/root/suri/tomcat9/webapps/manager]
28-Mar-2021 14:47:24.326 INFO [localhost-startStop-1] org.apache.catalina.startup.HostConfig.deployDirectory Deployment of web application directory [/root/suri/tomcat9/webapps/manager] has finished in [113] ms
28-Mar-2021 14:47:24.374 INFO [main] org.apache.coyote.AbstractProtocol.start Starting ProtocolHandler ["http-nio-8080"]
28-Mar-2021 14:47:24.549 INFO [main] org.apache.catalina.startup.Catalina.start Server startup in 59715 ms
28-Mar-2021 14:53:44.561 INFO [ContainerBackgroundProcessor[StandardEngine[Catalina]]] org.apache.catalina.users.MemoryUserDatabase.backgroundProcess Reloading memory user database [UserDatabase] from updated source [file:/root/suri/tomcat9/conf/tomcat-users.xml]
28-Mar-2021 14:53:59.740 INFO [main] org.apache.catalina.core.StandardServer.await A valid shutdown command was received via the shutdown port. Stopping the Server instance.
28-Mar-2021 14:53:59.741 INFO [main] org.apache.coyote.AbstractProtocol.pause Pausing ProtocolHandler ["http-nio-8080"]
28-Mar-2021 14:53:59.753 INFO [main] org.apache.catalina.core.StandardService.stopInternal Stopping service [Catalina]
28-Mar-2021 14:53:59.938 INFO [main] org.apache.coyote.AbstractProtocol.stop Stopping ProtocolHandler ["http-nio-8080"]
28-Mar-2021 14:53:59.944 INFO [main] org.apache.coyote.AbstractProtocol.destroy Destroying ProtocolHandler ["http-nio-8080"]
28-Mar-2021 14:54:13.403 INFO [main] org.apache.catalina.startup.VersionLoggerListener.log Server version name:   Apache Tomcat/8.5.64
28-Mar-2021 14:54:13.410 INFO [main] org.apache.catalina.startup.VersionLoggerListener.log Server built:          Mar 4 2021 23:14:16 UTC
28-Mar-2021 14:54:13.411 INFO [main] org.apache.catalina.startup.VersionLoggerListener.log Server version number: 8.5.64.0
28-Mar-2021 14:54:13.411 INFO [main] org.apache.catalina.startup.VersionLoggerListener.log OS Name:               Linux
28-Mar-2021 14:54:13.411 INFO [main] org.apache.catalina.startup.VersionLoggerListener.log OS Version:            3.10.0-327.el7.x86_64
28-Mar-2021 14:54:13.412 INFO [main] org.apache.catalina.startup.VersionLoggerListener.log Architecture:          amd64
28-Mar-2021 14:54:13.412 INFO [main] org.apache.catalina.startup.VersionLoggerListener.log Java Home:             /usr/lib/jvm/java-1.8.0-openjdk-1.8.0.282.b08-1.el7_9.x86_64/jre
28-Mar-2021 14:54:13.429 INFO [main] org.apache.catalina.startup.VersionLoggerListener.log JVM Version:           1.8.0_282-b08
28-Mar-2021 14:54:13.430 INFO [main] org.apache.catalina.startup.VersionLoggerListener.log JVM Vendor:            Red Hat, Inc.
28-Mar-2021 14:54:13.430 INFO [main] org.apache.catalina.startup.VersionLoggerListener.log CATALINA_BASE:         /root/suri/tomcat9
28-Mar-2021 14:54:13.430 INFO [main] org.apache.catalina.startup.VersionLoggerListener.log CATALINA_HOME:         /root/suri/tomcat9
28-Mar-2021 14:54:13.431 INFO [main] org.apache.catalina.startup.VersionLoggerListener.log Command line argument: -Djava.util.logging.config.file=/root/suri/tomcat9/conf/logging.properties
28-Mar-2021 14:54:13.431 INFO [main] org.apache.catalina.startup.VersionLoggerListener.log Command line argument: -Djava.util.logging.manager=org.apache.juli.ClassLoaderLogManager
28-Mar-2021 14:54:13.432 INFO [main] org.apache.catalina.startup.VersionLoggerListener.log Command line argument: -Djdk.tls.ephemeralDHKeySize=2048
28-Mar-2021 14:54:13.432 INFO [main] org.apache.catalina.startup.VersionLoggerListener.log Command line argument: -Djava.protocol.handler.pkgs=org.apache.catalina.webresources
28-Mar-2021 14:54:13.432 INFO [main] org.apache.catalina.startup.VersionLoggerListener.log Command line argument: -Dorg.apache.catalina.security.SecurityListener.UMASK=0027
28-Mar-2021 14:54:13.433 INFO [main] org.apache.catalina.startup.VersionLoggerListener.log Command line argument: -Dignore.endorsed.dirs=
28-Mar-2021 14:54:13.433 INFO [main] org.apache.catalina.startup.VersionLoggerListener.log Command line argument: -Dcatalina.base=/root/suri/tomcat9
28-Mar-2021 14:54:13.433 INFO [main] org.apache.catalina.startup.VersionLoggerListener.log Command line argument: -Dcatalina.home=/root/suri/tomcat9
28-Mar-2021 14:54:13.434 INFO [main] org.apache.catalina.startup.VersionLoggerListener.log Command line argument: -Djava.io.tmpdir=/root/suri/tomcat9/temp
28-Mar-2021 14:54:13.434 INFO [main] org.apache.catalina.core.AprLifecycleListener.lifecycleEvent The Apache Tomcat Native library which allows using OpenSSL was not found on the java.library.path: [/usr/java/packages/lib/amd64:/usr/lib64:/lib64:/lib:/usr/lib]
28-Mar-2021 14:54:14.005 INFO [main] org.apache.coyote.AbstractProtocol.init Initializing ProtocolHandler ["http-nio-8080"]
28-Mar-2021 14:54:14.117 INFO [main] org.apache.tomcat.util.net.NioSelectorPool.getSharedSelector Using a shared selector for servlet write/read
28-Mar-2021 14:54:14.257 INFO [main] org.apache.catalina.startup.Catalina.load Initialization processed in 5277 ms
28-Mar-2021 14:54:14.491 INFO [main] org.apache.catalina.core.StandardService.startInternal Starting service [Catalina]
28-Mar-2021 14:54:14.491 INFO [main] org.apache.catalina.core.StandardEngine.startInternal Starting Servlet Engine: Apache Tomcat/8.5.64
28-Mar-2021 14:54:14.563 INFO [localhost-startStop-1] org.apache.catalina.startup.HostConfig.deployDirectory Deploying web application directory [/root/suri/tomcat9/webapps/ROOT]
28-Mar-2021 14:55:11.383 WARNING [localhost-startStop-1] org.apache.catalina.util.SessionIdGeneratorBase.createSecureRandom Creation of SecureRandom instance for session ID generation using [SHA1PRNG] took [55,237] milliseconds.
28-Mar-2021 14:55:11.501 INFO [localhost-startStop-1] org.apache.catalina.startup.HostConfig.deployDirectory Deployment of web application directory [/root/suri/tomcat9/webapps/ROOT] has finished in [56,938] ms
28-Mar-2021 14:55:11.518 INFO [localhost-startStop-1] org.apache.catalina.startup.HostConfig.deployDirectory Deploying web application directory [/root/suri/tomcat9/webapps/docs]
28-Mar-2021 14:55:11.619 INFO [localhost-startStop-1] org.apache.catalina.startup.HostConfig.deployDirectory Deployment of web application directory [/root/suri/tomcat9/webapps/docs] has finished in [100] ms
28-Mar-2021 14:55:11.619 INFO [localhost-startStop-1] org.apache.catalina.startup.HostConfig.deployDirectory Deploying web application directory [/root/suri/tomcat9/webapps/examples]
28-Mar-2021 14:55:13.104 INFO [localhost-startStop-1] org.apache.catalina.startup.HostConfig.deployDirectory Deployment of web application directory [/root/suri/tomcat9/webapps/examples] has finished in [1,485] ms
28-Mar-2021 14:55:13.104 INFO [localhost-startStop-1] org.apache.catalina.startup.HostConfig.deployDirectory Deploying web application directory [/root/suri/tomcat9/webapps/host-manager]
28-Mar-2021 14:55:13.256 INFO [localhost-startStop-1] org.apache.catalina.startup.HostConfig.deployDirectory Deployment of web application directory [/root/suri/tomcat9/webapps/host-manager] has finished in [152] ms
28-Mar-2021 14:55:13.256 INFO [localhost-startStop-1] org.apache.catalina.startup.HostConfig.deployDirectory Deploying web application directory [/root/suri/tomcat9/webapps/manager]
28-Mar-2021 14:55:13.384 INFO [localhost-startStop-1] org.apache.catalina.startup.HostConfig.deployDirectory Deployment of web application directory [/root/suri/tomcat9/webapps/manager] has finished in [127] ms
28-Mar-2021 14:55:13.417 INFO [main] org.apache.coyote.AbstractProtocol.start Starting ProtocolHandler ["http-nio-8080"]
28-Mar-2021 14:55:13.589 INFO [main] org.apache.catalina.startup.Catalina.start Server startup in 59331 ms
29-Mar-2021 04:04:00.973 INFO [main] org.apache.catalina.startup.VersionLoggerListener.log Server version name:   Apache Tomcat/8.5.64
29-Mar-2021 04:04:01.507 INFO [main] org.apache.catalina.startup.VersionLoggerListener.log Server built:          Mar 4 2021 23:14:16 UTC
29-Mar-2021 04:04:01.508 INFO [main] org.apache.catalina.startup.VersionLoggerListener.log Server version number: 8.5.64.0
29-Mar-2021 04:04:01.509 INFO [main] org.apache.catalina.startup.VersionLoggerListener.log OS Name:               Linux
29-Mar-2021 04:04:01.509 INFO [main] org.apache.catalina.startup.VersionLoggerListener.log OS Version:            3.10.0-1160.21.1.el7.x86_64
29-Mar-2021 04:04:01.509 INFO [main] org.apache.catalina.startup.VersionLoggerListener.log Architecture:          amd64
29-Mar-2021 04:04:01.510 INFO [main] org.apache.catalina.startup.VersionLoggerListener.log Java Home:             /usr/lib/jvm/java-1.8.0-openjdk-1.8.0.282.b08-1.el7_9.x86_64/jre
29-Mar-2021 04:04:01.510 INFO [main] org.apache.catalina.startup.VersionLoggerListener.log JVM Version:           1.8.0_282-b08
29-Mar-2021 04:04:01.511 INFO [main] org.apache.catalina.startup.VersionLoggerListener.log JVM Vendor:            Red Hat, Inc.
29-Mar-2021 04:04:01.537 INFO [main] org.apache.catalina.startup.VersionLoggerListener.log CATALINA_BASE:         /root/suri/tomcat9
29-Mar-2021 04:04:01.537 INFO [main] org.apache.catalina.startup.VersionLoggerListener.log CATALINA_HOME:         /root/suri/tomcat9
29-Mar-2021 04:04:01.538 INFO [main] org.apache.catalina.startup.VersionLoggerListener.log Command line argument: -Djava.util.logging.config.file=/root/suri/tomcat9/conf/logging.properties
29-Mar-2021 04:04:01.538 INFO [main] org.apache.catalina.startup.VersionLoggerListener.log Command line argument: -Djava.util.logging.manager=org.apache.juli.ClassLoaderLogManager
29-Mar-2021 04:04:01.539 INFO [main] org.apache.catalina.startup.VersionLoggerListener.log Command line argument: -Djdk.tls.ephemeralDHKeySize=2048
29-Mar-2021 04:04:01.539 INFO [main] org.apache.catalina.startup.VersionLoggerListener.log Command line argument: -Djava.protocol.handler.pkgs=org.apache.catalina.webresources
29-Mar-2021 04:04:01.540 INFO [main] org.apache.catalina.startup.VersionLoggerListener.log Command line argument: -Dorg.apache.catalina.security.SecurityListener.UMASK=0027
29-Mar-2021 04:04:01.540 INFO [main] org.apache.catalina.startup.VersionLoggerListener.log Command line argument: -Dignore.endorsed.dirs=
29-Mar-2021 04:04:01.541 INFO [main] org.apache.catalina.startup.VersionLoggerListener.log Command line argument: -Dcatalina.base=/root/suri/tomcat9
29-Mar-2021 04:04:01.544 INFO [main] org.apache.catalina.startup.VersionLoggerListener.log Command line argument: -Dcatalina.home=/root/suri/tomcat9
29-Mar-2021 04:04:01.544 INFO [main] org.apache.catalina.startup.VersionLoggerListener.log Command line argument: -Djava.io.tmpdir=/root/suri/tomcat9/temp
29-Mar-2021 04:04:01.545 INFO [main] org.apache.catalina.core.AprLifecycleListener.lifecycleEvent The Apache Tomcat Native library which allows using OpenSSL was not found on the java.library.path: [/usr/java/packages/lib/amd64:/usr/lib64:/lib64:/lib:/usr/lib]
29-Mar-2021 04:04:02.921 INFO [main] org.apache.coyote.AbstractProtocol.init Initializing ProtocolHandler ["http-nio-8080"]
29-Mar-2021 04:04:03.236 INFO [main] org.apache.tomcat.util.net.NioSelectorPool.getSharedSelector Using a shared selector for servlet write/read
29-Mar-2021 04:04:03.364 INFO [main] org.apache.catalina.startup.Catalina.load Initialization processed in 12880 ms
29-Mar-2021 04:04:03.632 INFO [main] org.apache.catalina.core.StandardService.startInternal Starting service [Catalina]
29-Mar-2021 04:04:03.632 INFO [main] org.apache.catalina.core.StandardEngine.startInternal Starting Servlet Engine: Apache Tomcat/8.5.64
29-Mar-2021 04:04:03.713 INFO [localhost-startStop-1] org.apache.catalina.startup.HostConfig.deployDirectory Deploying web application directory [/root/suri/tomcat9/webapps/ROOT]
29-Mar-2021 04:04:06.147 INFO [localhost-startStop-1] org.apache.catalina.startup.HostConfig.deployDirectory Deployment of web application directory [/root/suri/tomcat9/webapps/ROOT] has finished in [2,432] ms
29-Mar-2021 04:04:06.165 INFO [localhost-startStop-1] org.apache.catalina.startup.HostConfig.deployDirectory Deploying web application directory [/root/suri/tomcat9/webapps/docs]
29-Mar-2021 04:04:06.408 INFO [localhost-startStop-1] org.apache.catalina.startup.HostConfig.deployDirectory Deployment of web application directory [/root/suri/tomcat9/webapps/docs] has finished in [243] ms
29-Mar-2021 04:04:06.409 INFO [localhost-startStop-1] org.apache.catalina.startup.HostConfig.deployDirectory Deploying web application directory [/root/suri/tomcat9/webapps/examples]
29-Mar-2021 04:04:08.942 INFO [localhost-startStop-1] org.apache.catalina.startup.HostConfig.deployDirectory Deployment of web application directory [/root/suri/tomcat9/webapps/examples] has finished in [2,534] ms
29-Mar-2021 04:04:08.956 INFO [localhost-startStop-1] org.apache.catalina.startup.HostConfig.deployDirectory Deploying web application directory [/root/suri/tomcat9/webapps/host-manager]
29-Mar-2021 04:04:09.275 INFO [localhost-startStop-1] org.apache.catalina.startup.HostConfig.deployDirectory Deployment of web application directory [/root/suri/tomcat9/webapps/host-manager] has finished in [332] ms
29-Mar-2021 04:04:09.276 INFO [localhost-startStop-1] org.apache.catalina.startup.HostConfig.deployDirectory Deploying web application directory [/root/suri/tomcat9/webapps/manager]
29-Mar-2021 04:04:09.531 INFO [localhost-startStop-1] org.apache.catalina.startup.HostConfig.deployDirectory Deployment of web application directory [/root/suri/tomcat9/webapps/manager] has finished in [254] ms
29-Mar-2021 04:04:09.562 INFO [main] org.apache.coyote.AbstractProtocol.start Starting ProtocolHandler ["http-nio-8080"]
29-Mar-2021 04:04:09.640 INFO [main] org.apache.catalina.startup.Catalina.start Server startup in 6276 ms
29-Mar-2021 04:07:34.359 INFO [main] org.apache.catalina.core.StandardServer.await A valid shutdown command was received via the shutdown port. Stopping the Server instance.
29-Mar-2021 04:07:34.359 INFO [main] org.apache.coyote.AbstractProtocol.pause Pausing ProtocolHandler ["http-nio-8080"]
29-Mar-2021 04:07:34.373 INFO [main] org.apache.catalina.core.StandardService.stopInternal Stopping service [Catalina]
29-Mar-2021 04:07:34.523 INFO [main] org.apache.coyote.AbstractProtocol.stop Stopping ProtocolHandler ["http-nio-8080"]
29-Mar-2021 04:07:34.529 INFO [main] org.apache.coyote.AbstractProtocol.destroy Destroying ProtocolHandler ["http-nio-8080"]
29-Mar-2021 04:12:45.488 INFO [main] org.apache.catalina.startup.VersionLoggerListener.log Server version name:   Apache Tomcat/8.5.64
29-Mar-2021 04:12:45.509 INFO [main] org.apache.catalina.startup.VersionLoggerListener.log Server built:          Mar 4 2021 23:14:16 UTC
29-Mar-2021 04:12:45.509 INFO [main] org.apache.catalina.startup.VersionLoggerListener.log Server version number: 8.5.64.0
29-Mar-2021 04:12:45.510 INFO [main] org.apache.catalina.startup.VersionLoggerListener.log OS Name:               Linux
29-Mar-2021 04:12:45.510 INFO [main] org.apache.catalina.startup.VersionLoggerListener.log OS Version:            3.10.0-1160.21.1.el7.x86_64
29-Mar-2021 04:12:45.510 INFO [main] org.apache.catalina.startup.VersionLoggerListener.log Architecture:          amd64
29-Mar-2021 04:12:45.511 INFO [main] org.apache.catalina.startup.VersionLoggerListener.log Java Home:             /usr/lib/jvm/java-1.8.0-openjdk-1.8.0.282.b08-1.el7_9.x86_64/jre
29-Mar-2021 04:12:45.511 INFO [main] org.apache.catalina.startup.VersionLoggerListener.log JVM Version:           1.8.0_282-b08
29-Mar-2021 04:12:45.511 INFO [main] org.apache.catalina.startup.VersionLoggerListener.log JVM Vendor:            Red Hat, Inc.
29-Mar-2021 04:12:45.512 INFO [main] org.apache.catalina.startup.VersionLoggerListener.log CATALINA_BASE:         /root/suri/tomcat9
29-Mar-2021 04:12:45.512 INFO [main] org.apache.catalina.startup.VersionLoggerListener.log CATALINA_HOME:         /root/suri/tomcat9
29-Mar-2021 04:12:45.513 INFO [main] org.apache.catalina.startup.VersionLoggerListener.log Command line argument: -Djava.util.logging.config.file=/root/suri/tomcat9/conf/logging.properties
29-Mar-2021 04:12:45.513 INFO [main] org.apache.catalina.startup.VersionLoggerListener.log Command line argument: -Djava.util.logging.manager=org.apache.juli.ClassLoaderLogManager
29-Mar-2021 04:12:45.514 INFO [main] org.apache.catalina.startup.VersionLoggerListener.log Command line argument: -Djdk.tls.ephemeralDHKeySize=2048
29-Mar-2021 04:12:45.514 INFO [main] org.apache.catalina.startup.VersionLoggerListener.log Command line argument: -Djava.protocol.handler.pkgs=org.apache.catalina.webresources
29-Mar-2021 04:12:45.514 INFO [main] org.apache.catalina.startup.VersionLoggerListener.log Command line argument: -Dorg.apache.catalina.security.SecurityListener.UMASK=0027
29-Mar-2021 04:12:45.515 INFO [main] org.apache.catalina.startup.VersionLoggerListener.log Command line argument: -Dignore.endorsed.dirs=
29-Mar-2021 04:12:45.515 INFO [main] org.apache.catalina.startup.VersionLoggerListener.log Command line argument: -Dcatalina.base=/root/suri/tomcat9
29-Mar-2021 04:12:45.515 INFO [main] org.apache.catalina.startup.VersionLoggerListener.log Command line argument: -Dcatalina.home=/root/suri/tomcat9
29-Mar-2021 04:12:45.516 INFO [main] org.apache.catalina.startup.VersionLoggerListener.log Command line argument: -Djava.io.tmpdir=/root/suri/tomcat9/temp
29-Mar-2021 04:12:45.516 INFO [main] org.apache.catalina.core.AprLifecycleListener.lifecycleEvent The Apache Tomcat Native library which allows using OpenSSL was not found on the java.library.path: [/usr/java/packages/lib/amd64:/usr/lib64:/lib64:/lib:/usr/lib]
29-Mar-2021 04:12:46.146 INFO [main] org.apache.coyote.AbstractProtocol.init Initializing ProtocolHandler ["http-nio-8080"]
29-Mar-2021 04:12:46.247 INFO [main] org.apache.tomcat.util.net.NioSelectorPool.getSharedSelector Using a shared selector for servlet write/read
29-Mar-2021 04:12:46.413 INFO [main] org.apache.catalina.startup.Catalina.load Initialization processed in 4678 ms
29-Mar-2021 04:12:46.648 INFO [main] org.apache.catalina.core.StandardService.startInternal Starting service [Catalina]
29-Mar-2021 04:12:46.649 INFO [main] org.apache.catalina.core.StandardEngine.startInternal Starting Servlet Engine: Apache Tomcat/8.5.64
29-Mar-2021 04:12:46.703 INFO [localhost-startStop-1] org.apache.catalina.startup.HostConfig.deployDirectory Deploying web application directory [/root/suri/tomcat9/webapps/ROOT]
29-Mar-2021 04:12:48.592 INFO [localhost-startStop-1] org.apache.catalina.startup.HostConfig.deployDirectory Deployment of web application directory [/root/suri/tomcat9/webapps/ROOT] has finished in [1,887] ms
29-Mar-2021 04:12:48.606 INFO [localhost-startStop-1] org.apache.catalina.startup.HostConfig.deployDirectory Deploying web application directory [/root/suri/tomcat9/webapps/docs]
29-Mar-2021 04:12:48.694 INFO [localhost-startStop-1] org.apache.catalina.startup.HostConfig.deployDirectory Deployment of web application directory [/root/suri/tomcat9/webapps/docs] has finished in [88] ms
29-Mar-2021 04:12:48.695 INFO [localhost-startStop-1] org.apache.catalina.startup.HostConfig.deployDirectory Deploying web application directory [/root/suri/tomcat9/webapps/examples]
29-Mar-2021 04:12:50.306 INFO [localhost-startStop-1] org.apache.catalina.startup.HostConfig.deployDirectory Deployment of web application directory [/root/suri/tomcat9/webapps/examples] has finished in [1,612] ms
29-Mar-2021 04:12:50.307 INFO [localhost-startStop-1] org.apache.catalina.startup.HostConfig.deployDirectory Deploying web application directory [/root/suri/tomcat9/webapps/host-manager]
29-Mar-2021 04:12:50.467 INFO [localhost-startStop-1] org.apache.catalina.startup.HostConfig.deployDirectory Deployment of web application directory [/root/suri/tomcat9/webapps/host-manager] has finished in [160] ms
29-Mar-2021 04:12:50.467 INFO [localhost-startStop-1] org.apache.catalina.startup.HostConfig.deployDirectory Deploying web application directory [/root/suri/tomcat9/webapps/manager]
29-Mar-2021 04:12:50.597 INFO [localhost-startStop-1] org.apache.catalina.startup.HostConfig.deployDirectory Deployment of web application directory [/root/suri/tomcat9/webapps/manager] has finished in [129] ms
29-Mar-2021 04:12:50.632 INFO [main] org.apache.coyote.AbstractProtocol.start Starting ProtocolHandler ["http-nio-8080"]
29-Mar-2021 04:12:50.765 INFO [main] org.apache.catalina.startup.Catalina.start Server startup in 4351 ms
